Total number of S&L entries:         101
Total S&L amount:             $23,958.75
Total number of S entries:            83
Total S amount:               $20,678.91
Total number of L entries:            18
Total L amount:                $3,279.84
Total transactions store 01:   $3,759.81
Total transactions store 02:   $4,264.75
Total transactions store 03:   $2,129.88
Total transactions store 04:  $14,409.19
Payments Cash:                   % 25.74
Payments Credit:                 % 28.71
Payments Debit:                  % 45.55
Total Returns:                        15
Total Returns Amount:            $604.88
Return Amount Store 01:          $169.96
Return Amount Store 02:          $244.96
Return Amount Store 03:            $0.00
Return Amount Store 07:          $189.96
Grand Total:                  $23,958.75
