

  18/04/24    11 00 49 78        SALES REPORT                     PAGE  1

 TRANSACTION  TRANSACTION  PAYMENT  STORE     INVOICE         SKU              TAX
    CODE        AMOUNT     TYPE     NUMBER    NUMBER          CODE            OWING
 -----------  -----------  -------  ------    -------         ----            -----
     S          $10.00      CA        01     XX-000001   SDFSKJ84MS09123      $1.30
     S         $129.99      DB        01     AZ-000002   247R20EHF02EF8E     $16.90
     S          $89.99      CR        01     AS-000003   WI8HRW8H43FJSHF     $11.70
     L          $49.99      DB        01     AD-000004   LFW8H88W84HFW4F      $6.50
     S          $20.00      CA        01     XX-000005   SDFSKJ84MS09123      $2.60
     S         $149.99      CR        01     AZ-000006   247R20EHF02EF8E     $19.50
     S          $29.99      DB        01     AS-000007   WI8HRW8H43FJSHF      $3.90
     S          $10.00      CA        01     XX-000008   SDFSKJ84MS09123      $1.30
     S         $129.99      DB        01     AZ-000009   247R20EHF02EF8E     $16.90
     S          $89.99      CR        01     AS-000010   WI8HRW8H43FJSHF     $11.70
     S          $10.00      CA        01     XX-000011   SDFSKJ84MS09123      $1.30
     L       $1,129.99      DB        01     AZ-000012   247R20EHF02EF8E    $146.90
     L          $10.00      CA        01     XX-000101   SDFSKJ84MS09123      $1.30
     S         $129.99      DB        01     AZ-000102   247R20EHF02EF8E     $16.90
     S          $89.99      CR        01     AS-000103   WI8HRW8H43FJSHF     $11.70
     L          $49.99      DB        01     BD-000104   LFW8H88W84HFW4F      $6.50
     S          $20.00      CA        01     BX-000105   SDFSKJ84MS09123      $2.60
     S         $149.99      CR        01     BZ-000106   247R20EHF02EF8E     $19.50
     S          $10.00      CA        01     BX-000108   SDFSKJ84MS09123      $1.30
     S         $129.99      DB        01     BZ-000109   247R20EHF02EF8E     $16.90


  18/04/24    11 00 49 78        SALES REPORT                     PAGE  2

 TRANSACTION  TRANSACTION  PAYMENT  STORE     INVOICE         SKU              TAX
    CODE        AMOUNT     TYPE     NUMBER    NUMBER          CODE            OWING
 -----------  -----------  -------  ------    -------         ----            -----
     S          $10.00      CA        01     BX-000111   SDFSKJ84MS09123      $1.30
     S       $1,129.99      DB        01     BZ-000112   247R20EHF02EF8E    $146.90
     S           $9.99      CR        01     BS-000113   WI8HRW8H43FJSHF      $1.30
     L          $49.99      DB        02     BD-000014   LFW8H88W84HFW4F      $6.50
     S         $149.99      CR        02     AZ-000016   247R20EHF02EF8E     $19.50
     S          $29.99      DB        02     AS-000017   WI8HRW8H43FJSHF      $3.90
     S         $129.99      DB        02     BZ-000019   247R20EHF02EF8E     $16.90
     S          $89.99      CR        02     AS-000023   WI8HRW8H43FJSHF     $11.70
     L          $49.99      DB        02     BD-000024   LFW8H88W84HFW4F      $6.50
     S          $20.00      CA        02     XX-000025   SDFSKJ84MS09123      $2.60
     S         $149.99      CR        02     AZ-000026   247R20EHF02EF8E     $19.50
     S          $29.99      DB        02     AS-000027   WI8HRW8H43FJSHF      $3.90
     S          $10.00      CA        02     XX-000028   SDFSKJ84MS09123      $1.30
     S         $129.99      DB        02     AZ-000029   247R20EHF02EF8E     $16.90
     S          $10.00      CA        02     XX-000031   SDFSKJ84MS09123      $1.30
     S       $1,129.99      DB        02     AZ-000032   247R20EHF02EF8E    $146.90
     L         $149.99      DB        02     AD-000034   LFW8H88W84HFW4F     $19.50
     L          $49.99      DB        02     AD-000214   LFW8H88W84HFW4F      $6.50
     S         $149.99      CR        02     AZ-000216   247R20EHF02EF8E     $19.50
     S          $10.00      CA        02     XX-000201   AADFSKJ84MS0913      $1.30


  18/04/24    11 00 49 78        SALES REPORT                     PAGE  3

 TRANSACTION  TRANSACTION  PAYMENT  STORE     INVOICE         SKU              TAX
    CODE        AMOUNT     TYPE     NUMBER    NUMBER          CODE            OWING
 -----------  -----------  -------  ------    -------         ----            -----
     S          $89.99      CR        02     AS-000223   WI8HRW8H43FJSHF     $11.70
     S         $149.99      CR        02     AZ-000226   247R20EHF02EF8E     $19.50
     S          $29.99      DB        02     AS-000227   WI8HRW8H43FJSHF      $3.90
     S          $10.00      CA        02     XX-000228   SDFSKJ84MS09123      $1.30
     S         $129.99      DB        02     AZ-000229   247R20EHF02EF8E     $16.90
     S          $89.99      CR        02     AS-000230   WI8HRW8H43FJSHF     $11.70
     S          $10.00      CA        02     XX-000231   SDFSKJ84MS09123      $1.30
     S       $1,129.99      DB        02     AZ-000232   247R20EHF02EF8E    $146.90
     S           $9.99      CR        02     AS-000233   WI8HRW8H43FJSHF      $1.30
     S          $29.99      DB        02     AS-000337   WI8HRW8H43FJSH2      $3.90
     S          $10.00      CA        03     XX-000401   SDFSKJ84MS09123      $1.30
     S         $129.99      DB        03     AZ-000402   247R20EHF02EF8E     $16.90
     S          $89.99      CR        03     AS-000403   WI8HRW8H43FJSHF     $11.70
     L          $49.99      DB        03     AD-000404   LFW8H88W84HFW4F      $6.50
     S          $20.00      CA        03     XX-000405   SDFSKJ84MS09123      $2.60
     S         $149.99      CR        03     AZ-000406   247R20EHF02EF8E     $19.50
     S          $29.99      DB        03     AS-000407   WI8HRW8H43FJSHF      $3.90
     S         $129.99      DB        03     AZ-000409   247R20EHF02EF8E     $16.90
     S          $89.99      CR        03     AS-000410   WI8HRW8H43FJSHF     $11.70
     S          $10.00      CA        03     XX-000411   SDFSKJ84MS09123      $1.30


  18/04/24    11 00 49 80        SALES REPORT                     PAGE  4

 TRANSACTION  TRANSACTION  PAYMENT  STORE     INVOICE         SKU              TAX
    CODE        AMOUNT     TYPE     NUMBER    NUMBER          CODE            OWING
 -----------  -----------  -------  ------    -------         ----            -----
     L       $1,129.99      DB        03     AZ-000412   247R20EHF02EF8E    $146.90
     S           $9.99      CR        03     AS-000413   WI8HRW8H43FJSHF      $1.30
     L          $10.00      CA        03     XX-000401   SDFSKJ84MS09123      $1.30
     S         $129.99      DB        03     AZ-000402   247R20EHF02EF8E     $16.90
     S          $89.99      CR        03     AS-000403   WI8HRW8H43FJSHF     $11.70
     L          $49.99      DB        03     BD-000404   LFW8H88W84HFW4F      $6.50
     S          $20.00      CA        07     BX-000405   SDFSKJ84MS09123      $2.60
     S         $129.99      DB        07     BZ-000509   247R20EHF02EF8E     $16.90
     S          $10.00      CA        07     BX-000511   SDFSKJ84MS09123      $1.30
     S       $1,129.99      DB        07     BZ-000512   247R20EHF02EF8E    $146.90
     S           $9.99      CR        07     BS-000513   WI8HRW8H43FJSHF      $1.30
     L          $49.99      DB        07     BD-000514   LFW8H88W84HFW4F      $6.50
     S         $149.99      CR        07     AZ-000516   247R20EHF02EF8E     $19.50
     S          $29.99      DB        07     AS-000517   WI8HRW8H43FJSHF      $3.90
     S         $729.99      DB        07     BZ-000519   247R20EHF02EF8E     $94.90
     S          $89.99      CR        07     AS-000523   WI8HRW8H43FJSHF     $11.70
     L          $49.99      DB        07     BD-000524   LFW8H88W84HFW4F      $6.50
     S          $20.00      CA        07     XX-000525   SDFSKJ84MS09123      $2.60
     S         $149.99      CR        07     AZ-000526   247R20EHF02EF8E     $19.50
     S          $29.99      DB        07     AS-000527   WI8HRW8H43FJSHF      $3.90


  18/04/24    11 00 49 80        SALES REPORT                     PAGE  5

 TRANSACTION  TRANSACTION  PAYMENT  STORE     INVOICE         SKU              TAX
    CODE        AMOUNT     TYPE     NUMBER    NUMBER          CODE            OWING
 -----------  -----------  -------  ------    -------         ----            -----
     S          $10.00      CA        07     XX-000528   SDFSKJ84MS09123      $1.30
     S         $129.49      DB        07     AZ-000529   247R20EHF02EF8E     $16.83
     S          $89.99      CR        07     AS-000530   WI8HRW8H43FJSHF     $11.70
     S       $8,010.00      CA        07     XX-000631   SDFSKJ84MS09123  $1,041.30
     S       $1,129.99      DB        07     AZ-000632   247R20EHF02EF8E    $146.90
     L         $149.99      DB        07     AD-000634   LFW8H88W84HFW4F     $19.50
     L          $49.99      DB        07     AD-000614   LFW8H88W84HFW4F      $6.50
     S         $149.99      CR        07     AZ-000616   247R20EHF02EF8E     $19.50
     S          $10.00      CA        07     XX-000601   AADFSKJ84MS0913      $1.30
     S          $89.99      CR        07     AS-000623   WI8HRW8H43FJSHF     $11.70
     L          $49.99      DB        07     AD-000624   LFW8H88W84HFW4F      $6.50
     S          $20.00      CA        07     XX-000625   SDFSKJ84MS09123      $2.60
     S         $149.99      CR        07     AZ-000626   247R20EHF02EF8E     $19.50
     S          $29.99      DB        07     AS-000627   WI8HRW8H43FJSHF      $3.90
     S          $10.00      CA        07     XX-000628   SDFSKJ84MS09123      $1.30
     S         $129.99      DB        07     AZ-000629   247R20EHF02EF8E     $16.90
     S          $89.99      CR        07     AS-000630   WI8HRW8H43FJSHF     $11.70
     S       $1,129.99      DB        07     AZ-000632   247R20EHF02EF8E    $146.90
     S           $9.99      CR        07     AS-000633   WI8HRW8H43FJSHF      $1.30
     L         $149.99      DB        07     AD-000634   LFW8H88W84HFW4F     $19.50


  18/04/24    11 00 49 80        SALES REPORT                     PAGE  6

 TRANSACTION  TRANSACTION  PAYMENT  STORE     INVOICE         SKU              TAX
    CODE        AMOUNT     TYPE     NUMBER    NUMBER          CODE            OWING
 -----------  -----------  -------  ------    -------         ----            -----
     S          $29.99      DB        07     AS-000637   WI8HRW8H43FJSH2      $3.90


 TOTAL RECORDS =            101     TOTAL TRANS-AMOUNT =     $ 23,958.75
                                    TOTAL TAX OWING =        $  3,114.73

 TOTAL 'L' RECORDS =         18     TOTAL TRANS-AMOUNT(L) =  $  3,279.84 TOTAL 'S' RECORDS =         83     TOTAL TRANS-AMOUNT(R) =  $ 20,678.91

 CREDIT(%) =              28.71% CASH(%)   =              25.74%
 DEBIT(%)  =              45.55%

 STORE NUMBER WITH HIGHEST TRANSACTION =  07
